Using pre-set license
Built from '2021.3/staging' branch; Version is '2021.3.3f1 (af2e63e8f9bd) revision 11480675'; Using compiler version '192829333'; Build Type 'Release'
OS: 'Windows 10  (10.0.19043) 64bit Professional' Language: 'pt' Physical Memory: 32698 MB
BatchMode: 1, IsHumanControllingUs: 0, StartBugReporterOnCrash: 0, Is64bit: 1, IsPro: 1

COMMAND LINE ARGUMENTS:
C:\Program Files\Unity\Hub\Editor\2021.3.3f1\Editor\Unity.exe
-adb2
-batchMode
-noUpm
-name
AssetImportWorker2
-projectPath
C:/Users/danie/Documents/Dev/Danno/Unity/PROJECT EX
-logFile
Logs/AssetImportWorker2.log
-srvPort
58751
Successfully changed project path to: C:/Users/danie/Documents/Dev/Danno/Unity/PROJECT EX
C:/Users/danie/Documents/Dev/Danno/Unity/PROJECT EX
[UnityMemory] Configuration Parameters - Can be set up in boot.config
    "memorysetup-bucket-allocator-granularity=16"
    "memorysetup-bucket-allocator-bucket-count=8"
    "memorysetup-bucket-allocator-block-size=33554432"
    "memorysetup-bucket-allocator-block-count=8"
    "memorysetup-main-allocator-block-size=16777216"
    "memorysetup-thread-allocator-block-size=16777216"
    "memorysetup-gfx-main-allocator-block-size=16777216"
    "memorysetup-gfx-thread-allocator-block-size=16777216"
    "memorysetup-cache-allocator-block-size=4194304"
    "memorysetup-typetree-allocator-block-size=2097152"
    "memorysetup-profiler-bucket-allocator-granularity=16"
    "memorysetup-profiler-bucket-allocator-bucket-count=8"
    "memorysetup-profiler-bucket-allocator-block-size=33554432"
    "memorysetup-profiler-bucket-allocator-block-count=8"
    "memorysetup-profiler-allocator-block-size=16777216"
    "memorysetup-profiler-editor-allocator-block-size=1048576"
    "memorysetup-temp-allocator-size-main=16777216"
    "memorysetup-job-temp-allocator-block-size=2097152"
    "memorysetup-job-temp-allocator-block-size-background=1048576"
    "memorysetup-job-temp-allocator-reduction-small-platforms=262144"
    "memorysetup-temp-allocator-size-background-worker=32768"
    "memorysetup-temp-allocator-size-job-worker=262144"
    "memorysetup-temp-allocator-size-preload-manager=33554432"
    "memorysetup-temp-allocator-size-nav-mesh-worker=65536"
    "memorysetup-temp-allocator-size-audio-worker=65536"
    "memorysetup-temp-allocator-size-cloud-worker=32768"
    "memorysetup-temp-allocator-size-gi-baking-worker=262144"
    "memorysetup-temp-allocator-size-gfx=262144"
Refreshing native plugins compatible for Editor in 151.71 ms, found 7 plugins.
Preloading 1 native plugins for Editor in 0.76 ms.
Initialize engine version: 2021.3.3f1 (af2e63e8f9bd)
[Subsystems] Discovering subsystems at path C:/Program Files/Unity/Hub/Editor/2021.3.3f1/Editor/Data/Resources/UnitySubsystems
[Subsystems] Discovering subsystems at path C:/Users/danie/Documents/Dev/Danno/Unity/PROJECT EX/Assets
GfxDevice: creating device client; threaded=0; jobified=0
Direct3D:
    Version:  Direct3D 11.0 [level 11.1]
    Renderer: NVIDIA GeForce RTX 3070 Ti (ID=0x2482)
    Vendor:   NVIDIA
    VRAM:     8041 MB
    Driver:   30.0.14.9676
Shader 'Oculus/OVRMRCameraFrameLit': fallback shader 'Alpha-Diffuse' not found
Initialize mono
Mono path[0] = 'C:/Program Files/Unity/Hub/Editor/2021.3.3f1/Editor/Data/Managed'
Mono path[1] = 'C:/Program Files/Unity/Hub/Editor/2021.3.3f1/Editor/Data/MonoBleedingEdge/lib/mono/unityjit-win32'
Mono config path = 'C:/Program Files/Unity/Hub/Editor/2021.3.3f1/Editor/Data/MonoBleedingEdge/etc'
Using monoOptions --debugger-agent=transport=dt_socket,embedding=1,server=y,suspend=n,address=127.0.0.1:56404
Begin MonoManager ReloadAssembly
Registering precompiled unity dll's ...
Register platform support module: C:/Program Files/Unity/Hub/Editor/2021.3.3f1/Editor/Data/PlaybackEngines/AndroidPlayer/UnityEditor.Android.Extensions.dll
Register platform support module: C:/Program Files/Unity/Hub/Editor/2021.3.3f1/Editor/Data/PlaybackEngines/WindowsStandaloneSupport/UnityEditor.WindowsStandalone.Extensions.dll
Registered in 0.011047 seconds.
Native extension for WindowsStandalone target not found
Native extension for Android target not found
Refreshing native plugins compatible for Editor in 148.17 ms, found 7 plugins.
Preloading 1 native plugins for Editor in 0.07 ms.
Mono: successfully reloaded assembly
- Completed reload, in  0.849 seconds
Domain Reload Profiling:
	ReloadAssembly (849ms)
		BeginReloadAssembly (72ms)
			ExecutionOrderSort (0ms)
			DisableScriptedObjects (0ms)
			BackupInstance (0ms)
			ReleaseScriptingObjects (0ms)
			CreateAndSetChildDomain (1ms)
		EndReloadAssembly (651ms)
			LoadAssemblies (69ms)
			RebuildTransferFunctionScriptingTraits (0ms)
			SetupTypeCache (120ms)
			ReleaseScriptCaches (0ms)
			RebuildScriptCaches (28ms)
			SetupLoadedEditorAssemblies (441ms)
				LogAssemblyErrors (0ms)
				InitializePlatformSupportModulesInManaged (58ms)
				SetLoadedEditorAssemblies (0ms)
				RefreshPlugins (148ms)
				BeforeProcessingInitializeOnLoad (1ms)
				ProcessInitializeOnLoadAttributes (173ms)
				ProcessInitializeOnLoadMethodAttributes (60ms)
				AfterProcessingInitializeOnLoad (0ms)
				EditorAssembliesLoaded (0ms)
			ExecutionOrderSort2 (0ms)
			AwakeInstancesAfterBackupRestoration (0ms)
Platform modules already initialized, skipping
Registering precompiled user dll's ...
Registered in 0.007739 seconds.
Begin MonoManager ReloadAssembly
Symbol file LoadedFromMemory doesn't match image C:\Users\danie\Documents\Dev\Danno\Unity\PROJECT EX\Library\PackageCache\com.unity.visualscripting@1.7.8\Editor\VisualScripting.Core\Dependencies\DotNetZip\Unity.VisualScripting.IonicZip.dll
Symbol file LoadedFromMemory doesn't match image C:\Users\danie\Documents\Dev\Danno\Unity\PROJECT EX\Library\PackageCache\com.unity.visualscripting@1.7.8\Editor\VisualScripting.Core\Dependencies\YamlDotNet\Unity.VisualScripting.YamlDotNet.dll
Native extension for WindowsStandalone target not found
Native extension for Android target not found
Refreshing native plugins compatible for Editor in 1.58 ms, found 7 plugins.
Preloading 1 native plugins for Editor in 0.12 ms.
Package Manager log level set to [2]
[XR] OculusXRPlugin: registering subsystems
[XR] Unable to register display lifecyle provider: [1]
[XR] Oculus Input lifecycle provider registered.
[XR] Unable to register input lifecyle provider: [1]
[XR] OVRP version 1.71.0
Mono: successfully reloaded assembly
- Completed reload, in  1.623 seconds
Domain Reload Profiling:
	ReloadAssembly (1624ms)
		BeginReloadAssembly (293ms)
			ExecutionOrderSort (0ms)
			DisableScriptedObjects (7ms)
			BackupInstance (0ms)
			ReleaseScriptingObjects (0ms)
			CreateAndSetChildDomain (132ms)
		EndReloadAssembly (1085ms)
			LoadAssemblies (133ms)
			RebuildTransferFunctionScriptingTraits (0ms)
			SetupTypeCache (386ms)
			ReleaseScriptCaches (1ms)
			RebuildScriptCaches (87ms)
			SetupLoadedEditorAssemblies (445ms)
				LogAssemblyErrors (0ms)
				InitializePlatformSupportModulesInManaged (15ms)
				SetLoadedEditorAssemblies (1ms)
				RefreshPlugins (2ms)
				BeforeProcessingInitializeOnLoad (118ms)
				ProcessInitializeOnLoadAttributes (266ms)
				ProcessInitializeOnLoadMethodAttributes (35ms)
				AfterProcessingInitializeOnLoad (8ms)
				EditorAssembliesLoaded (0ms)
			ExecutionOrderSort2 (0ms)
			AwakeInstancesAfterBackupRestoration (8ms)
Platform modules already initialized, skipping
========================================================================
Worker process is ready to serve import requests
Shader 'Oculus/OVRMRCameraFrameLit': fallback shader 'Alpha-Diffuse' not found
Launched and connected shader compiler UnityShaderCompiler.exe after 0.07 seconds
Refreshing native plugins compatible for Editor in 1.18 ms, found 7 plugins.
Preloading 1 native plugins for Editor in 0.27 ms.
Unloading 4529 Unused Serialized files (Serialized files now loaded: 0)
Unloading 53 unused Assets / (189.3 KB). Loaded Objects now: 4994.
Memory consumption went from 172.7 MB to 172.6 MB.
Total: 3.368500 ms (FindLiveObjects: 0.320600 ms CreateObjectMapping: 0.288400 ms MarkObjects: 2.528400 ms  DeleteObjects: 0.229500 ms)

AssetImportParameters requested are different than current active one (requested -> active):
  custom:video-decoder-ogg-theora: a1e56fd34408186e4bbccfd4996cb3dc -> 
  custom:container-muxer-webm: aa71ff27fc2769a1b78a27578f13a17b -> 
  custom:container-demuxer-webm: 4f35f7cbe854078d1ac9338744f61a02 -> 
  custom:video-encoder-webm-vp8: eb34c28f22e8b96e1ab97ce403110664 -> 
  custom:audio-encoder-webm-vorbis: bf7c407c2cedff20999df2af8eb42d56 -> 
  custom:framework-win-MediaFoundation: 216162199b28c13a410421893ffa2e32 -> 
  custom:container-demuxer-ogg: 62fdf1f143b41e24485cea50d1cbac27 -> 
  custom:video-decoder-webm-vp8: 9c59270c3fd7afecdb556c50c9e8de78 -> 
  custom:audio-decoder-ogg-vorbis: bf7c407c2cedff20999df2af8eb42d56 -> 
========================================================================
Received Import Request.
  Time since last request: 249374.010684 seconds.
  path: Assets/Textures/beton_01.psd
  artifactKey: Guid(90e69f873d9a0ea4984de801756b6a65) Importer(815301076,1909f56bfc062723c751e8b465ee728b)
Start importing Assets/Textures/beton_01.psd using Guid(90e69f873d9a0ea4984de801756b6a65) Importer(815301076,1909f56bfc062723c751e8b465ee728b)  -> (artifact id: '34b3626b1981f4ce6bc2a11c64a50b2d') in 0.110227 seconds 
========================================================================
Received Import Request.
  Time since last request: 0.000021 seconds.
  path: Assets/Textures/medium-detail-materials_windowed_facade_brick_4mask.png
  artifactKey: Guid(1cd998c1a4f43c549a8e951eb5463d32) Importer(815301076,1909f56bfc062723c751e8b465ee728b)
Start importing Assets/Textures/medium-detail-materials_windowed_facade_brick_4mask.png using Guid(1cd998c1a4f43c549a8e951eb5463d32) Importer(815301076,1909f56bfc062723c751e8b465ee728b)  -> (artifact id: '55848c747891a3b0cbb7bbeac3b8b848') in 0.043040 seconds 
========================================================================
Received Import Request.
  Time since last request: 0.000015 seconds.
  path: Assets/Textures/medium-detail-materials_facade_plaster_2.png
  artifactKey: Guid(7bacff3f18f2e074180333d0ef9d5476) Importer(815301076,1909f56bfc062723c751e8b465ee728b)
Start importing Assets/Textures/medium-detail-materials_facade_plaster_2.png using Guid(7bacff3f18f2e074180333d0ef9d5476) Importer(815301076,1909f56bfc062723c751e8b465ee728b)  -> (artifact id: '3f8c9117d3543fda16056a0942cf1d92') in 0.017359 seconds 
========================================================================
Received Import Request.
  Time since last request: 0.000023 seconds.
  path: Assets/Textures/medium-detail-materials_windowed_facade_copper_1mask.png
  artifactKey: Guid(5f4a7313ac1d8cd47a82e34c3b037f17) Importer(815301076,1909f56bfc062723c751e8b465ee728b)
Start importing Assets/Textures/medium-detail-materials_windowed_facade_copper_1mask.png using Guid(5f4a7313ac1d8cd47a82e34c3b037f17) Importer(815301076,1909f56bfc062723c751e8b465ee728b)  -> (artifact id: 'a99ef2e84016931a3dfabaa1ce5c65d8') in 0.025632 seconds 
========================================================================
Received Import Request.
  Time since last request: 0.000029 seconds.
  path: Assets/Textures/medium-detail-materials_windowed_facade_concrete_1mask.png
  artifactKey: Guid(67d47b70a5500c743bc24cf614083944) Importer(815301076,1909f56bfc062723c751e8b465ee728b)
Start importing Assets/Textures/medium-detail-materials_windowed_facade_concrete_1mask.png using Guid(67d47b70a5500c743bc24cf614083944) Importer(815301076,1909f56bfc062723c751e8b465ee728b)  -> (artifact id: '0083eecffd4b484cd34d6774bef02249') in 0.015248 seconds 
========================================================================
Received Import Request.
  Time since last request: 0.000030 seconds.
  path: Assets/Textures/medium-detail-materials_facade_copper_1.png
  artifactKey: Guid(68cbe09a4bb4c2042a12fd0955011d08) Importer(815301076,1909f56bfc062723c751e8b465ee728b)
Start importing Assets/Textures/medium-detail-materials_facade_copper_1.png using Guid(68cbe09a4bb4c2042a12fd0955011d08) Importer(815301076,1909f56bfc062723c751e8b465ee728b)  -> (artifact id: '9e9d931daaf1dec2e77831b4c2bf5e43') in 0.010970 seconds 
========================================================================
Received Import Request.
  Time since last request: 0.000020 seconds.
  path: Assets/Textures/medium-detail-materials_facade_brick_1.png
  artifactKey: Guid(612df16ceb5a6084c8dac0ceaa25371b) Importer(815301076,1909f56bfc062723c751e8b465ee728b)
Start importing Assets/Textures/medium-detail-materials_facade_brick_1.png using Guid(612df16ceb5a6084c8dac0ceaa25371b) Importer(815301076,1909f56bfc062723c751e8b465ee728b)  -> (artifact id: 'b536ded91b20f560aafc2c34f45f4168') in 0.013591 seconds 
========================================================================
Received Import Request.
  Time since last request: 0.000025 seconds.
  path: Assets/Textures/entity-models_sourcelowres_oaktree.png
  artifactKey: Guid(0bfc2d8e8f8c8994b96c973190b81a12) Importer(815301076,1909f56bfc062723c751e8b465ee728b)
Start importing Assets/Textures/entity-models_sourcelowres_oaktree.png using Guid(0bfc2d8e8f8c8994b96c973190b81a12) Importer(815301076,1909f56bfc062723c751e8b465ee728b)  -> (artifact id: '782864e41af33bb01422045d818ea2ac') in 0.015876 seconds 
========================================================================
Received Import Request.
  Time since last request: 0.000021 seconds.
  path: Assets/Textures/ground_kaminky2.psd
  artifactKey: Guid(ccd7f51376e89f04eb3b41268375497c) Importer(815301076,1909f56bfc062723c751e8b465ee728b)
Start importing Assets/Textures/ground_kaminky2.psd using Guid(ccd7f51376e89f04eb3b41268375497c) Importer(815301076,1909f56bfc062723c751e8b465ee728b)  -> (artifact id: 'e98c0b47138aa0af09a36abe1aef5cfd') in 0.025629 seconds 
========================================================================
Received Import Request.
  Time since last request: 0.000016 seconds.
  path: Assets/Textures/medium-detail-materials_windowed_facade_brick_5.png
  artifactKey: Guid(e46d0e0d56622274d94d62d72813f543) Importer(815301076,1909f56bfc062723c751e8b465ee728b)
Start importing Assets/Textures/medium-detail-materials_windowed_facade_brick_5.png using Guid(e46d0e0d56622274d94d62d72813f543) Importer(815301076,1909f56bfc062723c751e8b465ee728b)  -> (artifact id: '3f6ec548d3fc1702a0a6d470c42e5aee') in 0.040353 seconds 
========================================================================
Received Import Request.
  Time since last request: 0.000016 seconds.
  path: Assets/Textures/medium-detail-materials_windowed_facade_brick_5mask.png
  artifactKey: Guid(03d1909fd9029834981f48c7e1b0d1fa) Importer(815301076,1909f56bfc062723c751e8b465ee728b)
Start importing Assets/Textures/medium-detail-materials_windowed_facade_brick_5mask.png using Guid(03d1909fd9029834981f48c7e1b0d1fa) Importer(815301076,1909f56bfc062723c751e8b465ee728b)  -> (artifact id: '8954b6f463629530d78394ecfc32c768') in 0.015987 seconds 
========================================================================
Received Import Request.
  Time since last request: 0.000023 seconds.
  path: Assets/Textures/medium-detail-materials_windowed_facade_brick_1.png
  artifactKey: Guid(846a2d60172d98d439975812bb7e7508) Importer(815301076,1909f56bfc062723c751e8b465ee728b)
Start importing Assets/Textures/medium-detail-materials_windowed_facade_brick_1.png using Guid(846a2d60172d98d439975812bb7e7508) Importer(815301076,1909f56bfc062723c751e8b465ee728b)  -> (artifact id: '0afa295d4fe832d7416a286f3734c667') in 0.021931 seconds 
========================================================================
Received Import Request.
  Time since last request: 0.000020 seconds.
  path: Assets/Textures/medium-detail-materials_windowed_facade_glass_2.png
  artifactKey: Guid(0b20a4e774b87f245bd6163ce558557e) Importer(815301076,1909f56bfc062723c751e8b465ee728b)
Start importing Assets/Textures/medium-detail-materials_windowed_facade_glass_2.png using Guid(0b20a4e774b87f245bd6163ce558557e) Importer(815301076,1909f56bfc062723c751e8b465ee728b)  -> (artifact id: '65ec14dd1b14a0ed87151fe2621b2293') in 0.019408 seconds 
========================================================================
Received Import Request.
  Time since last request: 0.000027 seconds.
  path: Assets/Textures/medium-detail-materials_facade_stone_2.png
  artifactKey: Guid(716c2ea467538064da5adfb478b7a7a0) Importer(815301076,1909f56bfc062723c751e8b465ee728b)
Start importing Assets/Textures/medium-detail-materials_facade_stone_2.png using Guid(716c2ea467538064da5adfb478b7a7a0) Importer(815301076,1909f56bfc062723c751e8b465ee728b)  -> (artifact id: '64e7cb22049f17b63d4de28ed30e6f12') in 0.011680 seconds 
========================================================================
Received Import Request.
  Time since last request: 0.000031 seconds.
  path: Assets/Textures/medium-detail-materials_facade_glass_2.png
  artifactKey: Guid(9a7a44937e79ac745b7924c2ffeaa003) Importer(815301076,1909f56bfc062723c751e8b465ee728b)
Start importing Assets/Textures/medium-detail-materials_facade_glass_2.png using Guid(9a7a44937e79ac745b7924c2ffeaa003) Importer(815301076,1909f56bfc062723c751e8b465ee728b)  -> (artifact id: '45179d425b119246b50400eb6b904c5f') in 0.010443 seconds 
========================================================================
Received Import Request.
  Time since last request: 0.000030 seconds.
  path: Assets/Textures/medium-detail-materials_facade_brick_4.png
  artifactKey: Guid(747e25eb2626c36449528d9520239e12) Importer(815301076,1909f56bfc062723c751e8b465ee728b)
Start importing Assets/Textures/medium-detail-materials_facade_brick_4.png using Guid(747e25eb2626c36449528d9520239e12) Importer(815301076,1909f56bfc062723c751e8b465ee728b)  -> (artifact id: 'd84d0c57a71915ad37cf8d0d38f0849c') in 0.013286 seconds 
========================================================================
Received Import Request.
  Time since last request: 0.000024 seconds.
  path: Assets/Textures/medium-detail-materials_facade_concrete_1.png
  artifactKey: Guid(8cf63839392338345b258c9b5499a632) Importer(815301076,1909f56bfc062723c751e8b465ee728b)
Start importing Assets/Textures/medium-detail-materials_facade_concrete_1.png using Guid(8cf63839392338345b258c9b5499a632) Importer(815301076,1909f56bfc062723c751e8b465ee728b)  -> (artifact id: '1e74b86c209ddd005012f2b5daa016a9') in 0.012733 seconds 
========================================================================
Received Import Request.
  Time since last request: 0.000019 seconds.
  path: Assets/Textures/entity-models_sourcelowres_elm.png
  artifactKey: Guid(f07a0ba7bf77cc64dbaa155676201afa) Importer(815301076,1909f56bfc062723c751e8b465ee728b)
Start importing Assets/Textures/entity-models_sourcelowres_elm.png using Guid(f07a0ba7bf77cc64dbaa155676201afa) Importer(815301076,1909f56bfc062723c751e8b465ee728b)  -> (artifact id: '75df50c48d3463f44b6137f23a4b3149') in 0.016182 seconds 
========================================================================
Received Import Request.
  Time since last request: 0.000027 seconds.
  path: Assets/Textures/medium-detail-materials_windowed_facade_glass_2mask.png
  artifactKey: Guid(b9af39ed9c086ce45a3a70567dc161f1) Importer(815301076,1909f56bfc062723c751e8b465ee728b)
Start importing Assets/Textures/medium-detail-materials_windowed_facade_glass_2mask.png using Guid(b9af39ed9c086ce45a3a70567dc161f1) Importer(815301076,1909f56bfc062723c751e8b465ee728b)  -> (artifact id: '39b2645cd048b2cada9b66a293705a9d') in 0.016136 seconds 
========================================================================
Received Import Request.
  Time since last request: 0.000022 seconds.
  path: Assets/Textures/medium-detail-materials_facade_marble_1.png
  artifactKey: Guid(4100d2f43ae86904bb18bbe58a748f75) Importer(815301076,1909f56bfc062723c751e8b465ee728b)
Start importing Assets/Textures/medium-detail-materials_facade_marble_1.png using Guid(4100d2f43ae86904bb18bbe58a748f75) Importer(815301076,1909f56bfc062723c751e8b465ee728b)  -> (artifact id: 'bf004f5f7c2a2e6492e7ed9d34cf3281') in 0.016631 seconds 
========================================================================
Received Import Request.
  Time since last request: 0.000016 seconds.
  path: Assets/Textures/medium-detail-materials_windowed_facade_brick_1mask.png
  artifactKey: Guid(7fc1f0909ba6731438e045ac25924d6b) Importer(815301076,1909f56bfc062723c751e8b465ee728b)
Start importing Assets/Textures/medium-detail-materials_windowed_facade_brick_1mask.png using Guid(7fc1f0909ba6731438e045ac25924d6b) Importer(815301076,1909f56bfc062723c751e8b465ee728b)  -> (artifact id: 'b0393e335aac128416d589bc80fae77c') in 0.015332 seconds 
========================================================================
Received Import Request.
  Time since last request: 0.000024 seconds.
  path: Assets/Textures/medium-detail-materials_facade_brick_2.png
  artifactKey: Guid(ec03b66f863940849998395eeba10964) Importer(815301076,1909f56bfc062723c751e8b465ee728b)
Start importing Assets/Textures/medium-detail-materials_facade_brick_2.png using Guid(ec03b66f863940849998395eeba10964) Importer(815301076,1909f56bfc062723c751e8b465ee728b)  -> (artifact id: '4ec8a873811146c5bb274d5d9f7c2f12') in 0.014884 seconds 
========================================================================
Received Import Request.
  Time since last request: 6.963193 seconds.
  path: Assets/Standard Assets/Effects/ImageEffects
  artifactKey: Guid(d06a34ec0b16c4a438fe1f1e6b72c812) Importer(815301076,1909f56bfc062723c751e8b465ee728b)
Start importing Assets/Standard Assets/Effects/ImageEffects using Guid(d06a34ec0b16c4a438fe1f1e6b72c812) Importer(815301076,1909f56bfc062723c751e8b465ee728b)  -> (artifact id: 'f2024e2ea12aa9d38520ae926f75d2f6') in 0.004926 seconds 
========================================================================
Received Import Request.
  Time since last request: 0.598898 seconds.
  path: Assets/Standard Assets/Effects/ImageEffects/Textures
  artifactKey: Guid(7c032449f23df78439f1c4b7a45f3963) Importer(815301076,1909f56bfc062723c751e8b465ee728b)
Start importing Assets/Standard Assets/Effects/ImageEffects/Textures using Guid(7c032449f23df78439f1c4b7a45f3963) Importer(815301076,1909f56bfc062723c751e8b465ee728b)  -> (artifact id: '37d5772004bc50e66f304ff06018d821') in 0.004843 seconds 
========================================================================
Received Import Request.
  Time since last request: 0.065344 seconds.
  path: Assets/Standard Assets/Effects/ImageEffects/Textures/NoiseAndGrain.png
  artifactKey: Guid(7a632f967e8ad42f5bd275898151ab6a) Importer(815301076,1909f56bfc062723c751e8b465ee728b)
Start importing Assets/Standard Assets/Effects/ImageEffects/Textures/NoiseAndGrain.png using Guid(7a632f967e8ad42f5bd275898151ab6a) Importer(815301076,1909f56bfc062723c751e8b465ee728b)  -> (artifact id: 'e070012b7a3544f32660725f60cfd206') in 0.014734 seconds 
========================================================================
Received Import Request.
  Time since last request: 16.332313 seconds.
  path: Assets/Models/Enemies/Kawaii Slime
  artifactKey: Guid(9e4a7846a4f0e65418a1f56432695847) Importer(815301076,1909f56bfc062723c751e8b465ee728b)
Start importing Assets/Models/Enemies/Kawaii Slime using Guid(9e4a7846a4f0e65418a1f56432695847) Importer(815301076,1909f56bfc062723c751e8b465ee728b)  -> (artifact id: '4d088fbf02ce249997f71355d09fee45') in 0.005142 seconds 
========================================================================
Received Import Request.
  Time since last request: 3.294140 seconds.
  path: Assets/Models/Enemies/GhoulZombie/Ghoul.prefab
  artifactKey: Guid(227ee07e9e5b7914ba8fbb8f430be9a5) Importer(815301076,1909f56bfc062723c751e8b465ee728b)
Start importing Assets/Models/Enemies/GhoulZombie/Ghoul.prefab using Guid(227ee07e9e5b7914ba8fbb8f430be9a5) Importer(815301076,1909f56bfc062723c751e8b465ee728b)  -> (artifact id: '49c72c0f41e8ba6cbc6e3d258a0b9bd1') in 0.215548 seconds 
========================================================================
Received Import Request.
  Time since last request: 0.000032 seconds.
  path: Assets/Models/Enemies/GhoulZombie/GhoulMaterial.mat
  artifactKey: Guid(7e013ff2514571042a1ac03d3b6f9eef) Importer(815301076,1909f56bfc062723c751e8b465ee728b)
Start importing Assets/Models/Enemies/GhoulZombie/GhoulMaterial.mat using Guid(7e013ff2514571042a1ac03d3b6f9eef) Importer(815301076,1909f56bfc062723c751e8b465ee728b)  -> (artifact id: '6c6419182983daf0ae43e86b6cb8e8be') in 0.442917 seconds 
========================================================================
Received Prepare
Registering precompiled user dll's ...
Registered in 0.007521 seconds.
Begin MonoManager ReloadAssembly
Symbol file LoadedFromMemory doesn't match image C:\Users\danie\Documents\Dev\Danno\Unity\PROJECT EX\Library\PackageCache\com.unity.visualscripting@1.7.8\Editor\VisualScripting.Core\Dependencies\DotNetZip\Unity.VisualScripting.IonicZip.dll
Symbol file LoadedFromMemory doesn't match image C:\Users\danie\Documents\Dev\Danno\Unity\PROJECT EX\Library\PackageCache\com.unity.visualscripting@1.7.8\Editor\VisualScripting.Core\Dependencies\YamlDotNet\Unity.VisualScripting.YamlDotNet.dll
Native extension for WindowsStandalone target not found
Native extension for Android target not found
Refreshing native plugins compatible for Editor in 1.08 ms, found 7 plugins.
Preloading 1 native plugins for Editor in 0.10 ms.
Mono: successfully reloaded assembly
- Completed reload, in  1.137 seconds
Domain Reload Profiling:
	ReloadAssembly (1138ms)
		BeginReloadAssembly (143ms)
			ExecutionOrderSort (0ms)
			DisableScriptedObjects (4ms)
			BackupInstance (0ms)
			ReleaseScriptingObjects (0ms)
			CreateAndSetChildDomain (40ms)
		EndReloadAssembly (879ms)
			LoadAssemblies (92ms)
			RebuildTransferFunctionScriptingTraits (0ms)
			SetupTypeCache (313ms)
			ReleaseScriptCaches (1ms)
			RebuildScriptCaches (49ms)
			SetupLoadedEditorAssemblies (365ms)
				LogAssemblyErrors (0ms)
				InitializePlatformSupportModulesInManaged (24ms)
				SetLoadedEditorAssemblies (0ms)
				RefreshPlugins (1ms)
				BeforeProcessingInitializeOnLoad (87ms)
				ProcessInitializeOnLoadAttributes (212ms)
				ProcessInitializeOnLoadMethodAttributes (31ms)
				AfterProcessingInitializeOnLoad (9ms)
				EditorAssembliesLoaded (0ms)
			ExecutionOrderSort2 (0ms)
			AwakeInstancesAfterBackupRestoration (9ms)
Platform modules already initialized, skipping
Shader 'Oculus/OVRMRCameraFrameLit': fallback shader 'Alpha-Diffuse' not found
Refreshing native plugins compatible for Editor in 4.97 ms, found 7 plugins.
Preloading 1 native plugins for Editor in 0.06 ms.
Unloading 4447 Unused Serialized files (Serialized files now loaded: 0)
Unloading 45 unused Assets / (164.4 KB). Loaded Objects now: 5043.
Memory consumption went from 183.3 MB to 183.2 MB.
Total: 3.385200 ms (FindLiveObjects: 0.342600 ms CreateObjectMapping: 0.383800 ms MarkObjects: 2.528500 ms  DeleteObjects: 0.129100 ms)

AssetImportParameters requested are different than current active one (requested -> active):
  custom:video-decoder-ogg-theora: a1e56fd34408186e4bbccfd4996cb3dc -> 
  custom:container-muxer-webm: aa71ff27fc2769a1b78a27578f13a17b -> 
  custom:container-demuxer-webm: 4f35f7cbe854078d1ac9338744f61a02 -> 
  custom:video-encoder-webm-vp8: eb34c28f22e8b96e1ab97ce403110664 -> 
  custom:audio-encoder-webm-vorbis: bf7c407c2cedff20999df2af8eb42d56 -> 
  custom:framework-win-MediaFoundation: 216162199b28c13a410421893ffa2e32 -> 
  custom:container-demuxer-ogg: 62fdf1f143b41e24485cea50d1cbac27 -> 
  custom:video-decoder-webm-vp8: 9c59270c3fd7afecdb556c50c9e8de78 -> 
  custom:audio-decoder-ogg-vorbis: bf7c407c2cedff20999df2af8eb42d56 -> 
========================================================================
Received Import Request.
  Time since last request: 12.534632 seconds.
  path: Assets/Models/Enemies/Zombie/Textures
  artifactKey: Guid(5ccd003863ea1cb48bb2f7bceda0a26d) Importer(815301076,1909f56bfc062723c751e8b465ee728b)
Start importing Assets/Models/Enemies/Zombie/Textures using Guid(5ccd003863ea1cb48bb2f7bceda0a26d) Importer(815301076,1909f56bfc062723c751e8b465ee728b)  -> (artifact id: 'e59ae3e4389035a0bc58b5e6ea6daeec') in 0.006591 seconds 
========================================================================
Received Import Request.
  Time since last request: 0.044879 seconds.
  path: Assets/Models/Enemies/Zombie/Textures/Zombie.tga
  artifactKey: Guid(6291fbf5d0e7c4642ad863eaf8b60622) Importer(815301076,1909f56bfc062723c751e8b465ee728b)
Start importing Assets/Models/Enemies/Zombie/Textures/Zombie.tga using Guid(6291fbf5d0e7c4642ad863eaf8b60622) Importer(815301076,1909f56bfc062723c751e8b465ee728b)  -> (artifact id: '2c6914e513073c9ebeb282d6e24d7615') in 0.086726 seconds 
Editor requested this worker to shutdown with reason: Scaling down because of idle timeout
AssetImportWorker is now disconnected from the server
Process exiting
Exiting without the bug reporter. Application will terminate with return code 0